<?xml version="1.0" encoding="UTF-8"?>
<testng-results ignored="0" total="1" passed="1" failed="0" skipped="0">
  <reporter-output>
  </reporter-output>
  <suite started-at="2024-06-28T02:21:37 AST" name="Suite" finished-at="2024-06-28T02:21:41 AST" duration-ms="3549">
    <groups>
    </groups>
    <test started-at="2024-06-28T02:21:37 AST" name="Test" finished-at="2024-06-28T02:21:41 AST" duration-ms="3549">
      <class name="api.testcases.DeviceTest">
        <test-method is-config="true" signature="generateTestdata()[pri:0, instance:api.testcases.DeviceTest@75d4a5c2]" started-at="2024-06-28T02:21:37 AST" name="generateTestdata" finished-at="2024-06-28T02:21:38 AST" duration-ms="362" status="PASS">
          <reporter-output>
          </reporter-output>
        </test-method> <!-- generateTestdata -->
        <test-method signature="createNewDevice()[pri:1, instance:api.testcases.DeviceTest@75d4a5c2]" started-at="2024-06-28T02:21:38 AST" name="createNewDevice" finished-at="2024-06-28T02:21:41 AST" duration-ms="3021" status="PASS">
          <reporter-output>
          </reporter-output>
        </test-method> <!-- createNewDevice -->
      </class> <!-- api.testcases.DeviceTest -->
    </test> <!-- Test -->
  </suite> <!-- Suite -->
</testng-results>
